\BOOKMARK [1][-]{section.1}{Introduction}{}% 1
\BOOKMARK [1][-]{section.2}{Milestone I}{}% 2
\BOOKMARK [2][-]{subsection.2.1}{Theory}{section.2}% 3
\BOOKMARK [2][-]{subsection.2.2}{Implementation details}{section.2}% 4
\BOOKMARK [2][-]{subsection.2.3}{Results}{section.2}% 5
\BOOKMARK [2][-]{subsection.2.4}{Testing the code}{section.2}% 6
\BOOKMARK [2][-]{subsection.2.5}{Our results}{section.2}% 7
\BOOKMARK [1][-]{section.3}{Milestone II}{}% 8
\BOOKMARK [2][-]{subsection.3.1}{Theory}{section.3}% 9
\BOOKMARK [2][-]{subsection.3.2}{Implementation details}{section.3}% 10
\BOOKMARK [2][-]{subsection.3.3}{Results}{section.3}% 11
\BOOKMARK [3][-]{subsubsection.3.3.1}{Testing the code.}{subsection.3.3}% 12
\BOOKMARK [3][-]{subsubsection.3.3.2}{Our results}{subsection.3.3}% 13
\BOOKMARK [1][-]{section.4}{Milestone III}{}% 14
\BOOKMARK [2][-]{subsection.4.1}{Theory}{section.4}% 15
\BOOKMARK [2][-]{subsection.4.2}{Implementation details}{section.4}% 16
\BOOKMARK [2][-]{subsection.4.3}{Results}{section.4}% 17
\BOOKMARK [3][-]{subsubsection.4.3.1}{Test results}{subsection.4.3}% 18
\BOOKMARK [3][-]{subsubsection.4.3.2}{Results}{subsection.4.3}% 19
\BOOKMARK [1][-]{section.5}{Milestone IV}{}% 20
\BOOKMARK [2][-]{subsection.5.1}{Theory}{section.5}% 21
\BOOKMARK [2][-]{subsection.5.2}{Implementation details}{section.5}% 22
\BOOKMARK [2][-]{subsection.5.3}{Results}{section.5}% 23
\BOOKMARK [1][-]{section.6}{Conclusions}{}% 24
